0 info it worked if it ends with ok
1 verbose cli [ '/home/akhem301/.local/install/node/bin/node',
1 verbose cli   '/home/akhem301/.local/install/node/bin/npm',
1 verbose cli   'install',
1 verbose cli   '-g',
1 verbose cli   'express',
1 verbose cli   's-session' ]
2 info using npm@3.10.8
3 info using node@v6.9.1
4 silly loadCurrentTree Starting
5 silly install loadCurrentTree
6 silly install readGlobalPackageData
7 silly fetchPackageMetaData express
8 silly fetchPackageMetaData s-session
9 silly fetchNamedPackageData express
10 silly mapToRegistry name express
11 silly mapToRegistry using default registry
12 silly mapToRegistry registry https://registry.npmjs.org/
13 silly mapToRegistry data Result {
13 silly mapToRegistry   raw: 'express',
13 silly mapToRegistry   scope: null,
13 silly mapToRegistry   escapedName: 'express',
13 silly mapToRegistry   name: 'express',
13 silly mapToRegistry   rawSpec: '',
13 silly mapToRegistry   spec: 'latest',
13 silly mapToRegistry   type: 'tag' }
14 silly mapToRegistry uri https://registry.npmjs.org/express
15 silly fetchNamedPackageData s-session
16 silly mapToRegistry name s-session
17 silly mapToRegistry using default registry
18 silly mapToRegistry registry https://registry.npmjs.org/
19 silly mapToRegistry data Result {
19 silly mapToRegistry   raw: 's-session',
19 silly mapToRegistry   scope: null,
19 silly mapToRegistry   escapedName: 's-session',
19 silly mapToRegistry   name: 's-session',
19 silly mapToRegistry   rawSpec: '',
19 silly mapToRegistry   spec: 'latest',
19 silly mapToRegistry   type: 'tag' }
20 silly mapToRegistry uri https://registry.npmjs.org/s-session
21 verbose request uri https://registry.npmjs.org/s-session
22 verbose request no auth needed
23 info attempt registry request try #1 at 2:59:09 AM
24 verbose request using bearer token for auth
25 verbose request id db07cc87825d73a6
26 http request GET https://registry.npmjs.org/s-session
27 verbose request uri https://registry.npmjs.org/express
28 verbose request no auth needed
29 info attempt registry request try #1 at 2:59:09 AM
30 verbose request using bearer token for auth
31 verbose etag W/"5843cc2d-852d0"
32 verbose lastModified Sun, 04 Dec 2016 07:56:29 GMT
33 http request GET https://registry.npmjs.org/express
34 http 200 https://registry.npmjs.org/express
35 verbose headers { server: 'nginx/1.10.1',
35 verbose headers   'content-type': 'application/json',
35 verbose headers   'last-modified': 'Wed, 07 Dec 2016 18:26:17 GMT',
35 verbose headers   etag: 'W/"58485449-85368"',
35 verbose headers   'content-encoding': 'gzip',
35 verbose headers   'cache-control': 'max-age=300',
35 verbose headers   'transfer-encoding': 'chunked',
35 verbose headers   'accept-ranges': 'bytes',
35 verbose headers   date: 'Thu, 08 Dec 2016 21:29:11 GMT',
35 verbose headers   via: '1.1 varnish',
35 verbose headers   connection: 'keep-alive',
35 verbose headers   'x-served-by': 'cache-sin6920-SIN',
35 verbose headers   'x-cache': 'MISS',
35 verbose headers   'x-cache-hits': '0',
35 verbose headers   'x-timer': 'S1481232550.884313,VS0,VE210',
35 verbose headers   vary: 'Accept-Encoding' }
36 silly get cb [ 200,
36 silly get   { server: 'nginx/1.10.1',
36 silly get     'content-type': 'application/json',
36 silly get     'last-modified': 'Wed, 07 Dec 2016 18:26:17 GMT',
36 silly get     etag: 'W/"58485449-85368"',
36 silly get     'content-encoding': 'gzip',
36 silly get     'cache-control': 'max-age=300',
36 silly get     'transfer-encoding': 'chunked',
36 silly get     'accept-ranges': 'bytes',
36 silly get     date: 'Thu, 08 Dec 2016 21:29:11 GMT',
36 silly get     via: '1.1 varnish',
36 silly get     connection: 'keep-alive',
36 silly get     'x-served-by': 'cache-sin6920-SIN',
36 silly get     'x-cache': 'MISS',
36 silly get     'x-cache-hits': '0',
36 silly get     'x-timer': 'S1481232550.884313,VS0,VE210',
36 silly get     vary: 'Accept-Encoding' } ]
37 verbose get saving express to /home/akhem301/.npm/registry.npmjs.org/express/.cache.json
38 verbose correctMkdir /home/akhem301/.npm correctMkdir not in flight; initializing
39 http 404 https://registry.npmjs.org/s-session
40 verbose headers { 'content-type': 'application/json',
40 verbose headers   'cache-control': 'max-age=0',
40 verbose headers   'content-length': '2',
40 verbose headers   'accept-ranges': 'bytes',
40 verbose headers   date: 'Thu, 08 Dec 2016 21:29:11 GMT',
40 verbose headers   via: '1.1 varnish',
40 verbose headers   connection: 'keep-alive',
40 verbose headers   'x-served-by': 'cache-sin6923-SIN',
40 verbose headers   'x-cache': 'MISS',
40 verbose headers   'x-cache-hits': '0',
40 verbose headers   'x-timer': 'S1481232550.893544,VS0,VE948',
40 verbose headers   vary: 'Accept-Encoding' }
41 silly get cb [ 404,
41 silly get   { 'content-type': 'application/json',
41 silly get     'cache-control': 'max-age=0',
41 silly get     'content-length': '2',
41 silly get     'accept-ranges': 'bytes',
41 silly get     date: 'Thu, 08 Dec 2016 21:29:11 GMT',
41 silly get     via: '1.1 varnish',
41 silly get     connection: 'keep-alive',
41 silly get     'x-served-by': 'cache-sin6923-SIN',
41 silly get     'x-cache': 'MISS',
41 silly get     'x-cache-hits': '0',
41 silly get     'x-timer': 'S1481232550.893544,VS0,VE948',
41 silly get     vary: 'Accept-Encoding' } ]
42 silly fetchPackageMetaData Error: Registry returned 404 for GET on https://registry.npmjs.org/s-session
42 silly fetchPackageMetaData     at makeError (/home/akhem301/.local/install/node/lib/node_modules/npm/node_modules/npm-registry-client/lib/request.js:302:12)
42 silly fetchPackageMetaData     at CachingRegistryClient.<anonymous> (/home/akhem301/.local/install/node/lib/node_modules/npm/node_modules/npm-registry-client/lib/request.js:280:14)
42 silly fetchPackageMetaData     at Request._callback (/home/akhem301/.local/install/node/lib/node_modules/npm/node_modules/npm-registry-client/lib/request.js:210:14)
42 silly fetchPackageMetaData     at Request.self.callback (/home/akhem301/.local/install/node/lib/node_modules/npm/node_modules/request/request.js:187:22)
42 silly fetchPackageMetaData     at emitTwo (events.js:106:13)
42 silly fetchPackageMetaData     at Request.emit (events.js:191:7)
42 silly fetchPackageMetaData     at Request.<anonymous> (/home/akhem301/.local/install/node/lib/node_modules/npm/node_modules/request/request.js:1044:10)
42 silly fetchPackageMetaData     at emitOne (events.js:96:13)
42 silly fetchPackageMetaData     at Request.emit (events.js:188:7)
42 silly fetchPackageMetaData     at IncomingMessage.<anonymous> (/home/akhem301/.local/install/node/lib/node_modules/npm/node_modules/request/request.js:965:12)
42 silly fetchPackageMetaData  error for s-session { Error: Registry returned 404 for GET on https://registry.npmjs.org/s-session
42 silly fetchPackageMetaData     at makeError (/home/akhem301/.local/install/node/lib/node_modules/npm/node_modules/npm-registry-client/lib/request.js:302:12)
42 silly fetchPackageMetaData     at CachingRegistryClient.<anonymous> (/home/akhem301/.local/install/node/lib/node_modules/npm/node_modules/npm-registry-client/lib/request.js:280:14)
42 silly fetchPackageMetaData     at Request._callback (/home/akhem301/.local/install/node/lib/node_modules/npm/node_modules/npm-registry-client/lib/request.js:210:14)
42 silly fetchPackageMetaData     at Request.self.callback (/home/akhem301/.local/install/node/lib/node_modules/npm/node_modules/request/request.js:187:22)
42 silly fetchPackageMetaData     at emitTwo (events.js:106:13)
42 silly fetchPackageMetaData     at Request.emit (events.js:191:7)
42 silly fetchPackageMetaData     at Request.<anonymous> (/home/akhem301/.local/install/node/lib/node_modules/npm/node_modules/request/request.js:1044:10)
42 silly fetchPackageMetaData     at emitOne (events.js:96:13)
42 silly fetchPackageMetaData     at Request.emit (events.js:188:7)
42 silly fetchPackageMetaData     at IncomingMessage.<anonymous> (/home/akhem301/.local/install/node/lib/node_modules/npm/node_modules/request/request.js:965:12) pkgid: 's-session', statusCode: 404, code: 'E404' }
43 silly rollbackFailedOptional Starting
44 silly rollbackFailedOptional Finishing
45 silly runTopLevelLifecycles Finishing
46 silly install printInstalled
47 verbose stack Error: Registry returned 404 for GET on https://registry.npmjs.org/s-session
47 verbose stack     at makeError (/home/akhem301/.local/install/node/lib/node_modules/npm/node_modules/npm-registry-client/lib/request.js:302:12)
47 verbose stack     at CachingRegistryClient.<anonymous> (/home/akhem301/.local/install/node/lib/node_modules/npm/node_modules/npm-registry-client/lib/request.js:280:14)
47 verbose stack     at Request._callback (/home/akhem301/.local/install/node/lib/node_modules/npm/node_modules/npm-registry-client/lib/request.js:210:14)
47 verbose stack     at Request.self.callback (/home/akhem301/.local/install/node/lib/node_modules/npm/node_modules/request/request.js:187:22)
47 verbose stack     at emitTwo (events.js:106:13)
47 verbose stack     at Request.emit (events.js:191:7)
47 verbose stack     at Request.<anonymous> (/home/akhem301/.local/install/node/lib/node_modules/npm/node_modules/request/request.js:1044:10)
47 verbose stack     at emitOne (events.js:96:13)
47 verbose stack     at Request.emit (events.js:188:7)
47 verbose stack     at IncomingMessage.<anonymous> (/home/akhem301/.local/install/node/lib/node_modules/npm/node_modules/request/request.js:965:12)
48 verbose statusCode 404
49 verbose pkgid s-session
50 verbose cwd /home/akhem301/Desktop/node_beg/express_files
51 error Linux 3.13.0-37-generic
52 error argv "/home/akhem301/.local/install/node/bin/node" "/home/akhem301/.local/install/node/bin/npm" "install" "-g" "express" "s-session"
53 error node v6.9.1
54 error npm  v3.10.8
55 error code E404
56 error 404 Registry returned 404 for GET on https://registry.npmjs.org/s-session
57 error 404
58 error 404 's-session' is not in the npm registry.
59 error 404 You should bug the author to publish it (or use the name yourself!)
60 error 404 Note that you can also install from a
61 error 404 tarball, folder, http url, or git url.
62 verbose exit [ 1, true ]
